<?xml version="1.0" encoding="UTF-8"?>
<testng-results ignored="2" total="5" passed="1" failed="2" skipped="0">
  <reporter-output>
    <line>
      <![CDATA[=====db connection successfull===]]>
    </line>
    <line>
      <![CDATA[=====browser launch successfull===]]>
    </line>
    <line>
      <![CDATA[======login successful=====]]>
    </line>
    <line>
      <![CDATA[========logout successfull====]]>
    </line>
    <line>
      <![CDATA[====browser close successfull====]]>
    </line>
    <line>
      <![CDATA[=====browser launch successfull===]]>
    </line>
    <line>
      <![CDATA[======login successful=====]]>
    </line>
    <line>
      <![CDATA[createOrgTest----testscript failed]]>
    </line>
    <line>
      <![CDATA[========logout successfull====]]>
    </line>
    <line>
      <![CDATA[======login successful=====]]>
    </line>
    <line>
      <![CDATA[createSampleTestCase----testscript failed]]>
    </line>
    <line>
      <![CDATA[========logout successfull====]]>
    </line>
    <line>
      <![CDATA[====browser close successfull====]]>
    </line>
    <line>
      <![CDATA[-====Database close successfull===]]>
    </line>
  </reporter-output>
  <suite started-at="2022-03-17T11:35:37 IST" name="Suite" finished-at="2022-03-17T11:35:57 IST" duration-ms="19354">
    <groups>
    </groups>
    <test started-at="2022-03-17T11:35:37 IST" name="Test" finished-at="2022-03-17T11:35:57 IST" duration-ms="19354">
      <class name="com.crm.genericImplemented.CreateOrgWithIndTypeBaseClassTest">
        <test-method is-config="true" signature="connectDataBase()[pri:0, instance:com.crm.genericImplemented.CreateOrgWithIndTypeBaseClassTest@1a18644]" started-at="2022-03-17T11:35:37 IST" name="connectDataBase" finished-at="2022-03-17T11:35:37 IST" duration-ms="8" status="PASS">
          <reporter-output>
            <line>
              <![CDATA[=====db connection successfull===]]>
            </line>
          </reporter-output>
        </test-method> <!-- connectDataBase -->
        <test-method is-config="true" signature="launchTheBrowser()[pri:0, instance:com.crm.genericImplemented.CreateOrgWithIndTypeBaseClassTest@1a18644]" started-at="2022-03-17T11:35:38 IST" name="launchTheBrowser" finished-at="2022-03-17T11:35:39 IST" duration-ms="1707" status="PASS">
          <reporter-output>
            <line>
              <![CDATA[=====browser launch successfull===]]>
            </line>
          </reporter-output>
        </test-method> <!-- launchTheBrowser -->
        <test-method is-config="true" signature="login()[pri:0, instance:com.crm.genericImplemented.CreateOrgWithIndTypeBaseClassTest@1a18644]" started-at="2022-03-17T11:35:39 IST" name="login" finished-at="2022-03-17T11:35:41 IST" duration-ms="1526" status="PASS">
          <reporter-output>
            <line>
              <![CDATA[======login successful=====]]>
            </line>
          </reporter-output>
        </test-method> <!-- login -->
        <test-method signature="createOrgWithIndustryType()[pri:0, instance:com.crm.genericImplemented.CreateOrgWithIndTypeBaseClassTest@1a18644]" started-at="2022-03-17T11:35:41 IST" name="createOrgWithIndustryType" finished-at="2022-03-17T11:35:46 IST" duration-ms="5497" status="PASS">
          <reporter-output>
          </reporter-output>
        </test-method> <!-- createOrgWithIndustryType -->
        <test-method is-config="true" signature="logout()[pri:0, instance:com.crm.genericImplemented.CreateOrgWithIndTypeBaseClassTest@1a18644]" started-at="2022-03-17T11:35:46 IST" name="logout" finished-at="2022-03-17T11:35:47 IST" duration-ms="797" status="PASS">
          <reporter-output>
            <line>
              <![CDATA[========logout successfull====]]>
            </line>
          </reporter-output>
        </test-method> <!-- logout -->
        <test-method is-config="true" signature="closeBrowser()[pri:0, instance:com.crm.genericImplemented.CreateOrgWithIndTypeBaseClassTest@1a18644]" started-at="2022-03-17T11:35:47 IST" name="closeBrowser" finished-at="2022-03-17T11:35:47 IST" duration-ms="102" status="PASS">
          <reporter-output>
            <line>
              <![CDATA[====browser close successfull====]]>
            </line>
          </reporter-output>
        </test-method> <!-- closeBrowser -->
        <test-method is-config="true" signature="closeDb()[pri:0, instance:com.crm.genericImplemented.CreateOrgWithIndTypeBaseClassTest@1a18644]" started-at="2022-03-17T11:35:57 IST" name="closeDb" finished-at="2022-03-17T11:35:57 IST" duration-ms="0" status="PASS">
          <reporter-output>
            <line>
              <![CDATA[-====Database close successfull===]]>
            </line>
          </reporter-output>
        </test-method> <!-- closeDb -->
      </class> <!-- com.crm.genericImplemented.CreateOrgWithIndTypeBaseClassTest -->
      <class name="com.crm.genericImplemented.CreateOrgBaseClassTest">
        <test-method is-config="true" signature="launchTheBrowser()[pri:0, instance:com.crm.genericImplemented.CreateOrgBaseClassTest@18d87d80]" started-at="2022-03-17T11:35:47 IST" name="launchTheBrowser" finished-at="2022-03-17T11:35:49 IST" duration-ms="1348" status="PASS">
          <reporter-output>
            <line>
              <![CDATA[=====browser launch successfull===]]>
            </line>
          </reporter-output>
        </test-method> <!-- launchTheBrowser -->
        <test-method is-config="true" signature="login()[pri:0, instance:com.crm.genericImplemented.CreateOrgBaseClassTest@18d87d80]" started-at="2022-03-17T11:35:49 IST" name="login" finished-at="2022-03-17T11:35:50 IST" duration-ms="1430" status="PASS">
          <reporter-output>
            <line>
              <![CDATA[======login successful=====]]>
            </line>
          </reporter-output>
        </test-method> <!-- login -->
        <test-method signature="createOrgTest()[pri:0, instance:com.crm.genericImplemented.CreateOrgBaseClassTest@18d87d80]" started-at="2022-03-17T11:35:50 IST" name="createOrgTest" finished-at="2022-03-17T11:35:52 IST" duration-ms="2385" status="FAIL">
          <exception class="java.lang.AssertionError">
            <message>
              <![CDATA[null]]>
            </message>
            <full-stacktrace>
              <![CDATA[java.lang.AssertionError: null
at org.testng.Assert.fail(Assert.java:99)
at org.testng.Assert.fail(Assert.java:106)
at com.crm.genericImplemented.CreateOrgBaseClassTest.createOrgTest(CreateOrgBaseClassTest.java:28)
at java.base/jdk.internal.reflect.NativeMethodAccessorImpl.invoke0(Native Method)
at java.base/jdk.internal.reflect.NativeMethodAccessorImpl.invoke(NativeMethodAccessorImpl.java:77)
at java.base/jdk.internal.reflect.DelegatingMethodAccessorImpl.invoke(DelegatingMethodAccessorImpl.java:43)
at java.base/java.lang.reflect.Method.invoke(Method.java:568)
at org.testng.internal.MethodInvocationHelper.invokeMethod(MethodInvocationHelper.java:133)
at org.testng.internal.TestInvoker.invokeMethod(TestInvoker.java:598)
at org.testng.internal.TestInvoker.invokeTestMethod(TestInvoker.java:173)
at org.testng.internal.MethodRunner.runInSequence(MethodRunner.java:46)
at org.testng.internal.TestInvoker$MethodInvocationAgent.invoke(TestInvoker.java:824)
at org.testng.internal.TestInvoker.invokeTestMethods(TestInvoker.java:146)
at org.testng.internal.TestMethodWorker.invokeTestMethods(TestMethodWorker.java:146)
at org.testng.internal.TestMethodWorker.run(TestMethodWorker.java:128)
at java.base/java.util.ArrayList.forEach(ArrayList.java:1511)
at org.testng.TestRunner.privateRun(TestRunner.java:794)
at org.testng.TestRunner.run(TestRunner.java:596)
at org.testng.SuiteRunner.runTest(SuiteRunner.java:377)
at org.testng.SuiteRunner.runSequentially(SuiteRunner.java:371)
at org.testng.SuiteRunner.privateRun(SuiteRunner.java:332)
at org.testng.SuiteRunner.run(SuiteRunner.java:276)
at org.testng.SuiteRunnerWorker.runSuite(SuiteRunnerWorker.java:53)
at org.testng.SuiteRunnerWorker.run(SuiteRunnerWorker.java:96)
at org.testng.TestNG.runSuitesSequentially(TestNG.java:1212)
at org.testng.TestNG.runSuitesLocally(TestNG.java:1134)
at org.testng.TestNG.runSuites(TestNG.java:1063)
at org.testng.TestNG.run(TestNG.java:1031)
at org.testng.remote.AbstractRemoteTestNG.run(AbstractRemoteTestNG.java:115)
at org.testng.remote.RemoteTestNG.initAndRun(RemoteTestNG.java:251)
at org.testng.remote.RemoteTestNG.main(RemoteTestNG.java:77)
]]>
            </full-stacktrace>
          </exception> <!-- java.lang.AssertionError -->
          <reporter-output>
            <line>
              <![CDATA[createOrgTest----testscript failed]]>
            </line>
          </reporter-output>
        </test-method> <!-- createOrgTest -->
        <test-method is-config="true" signature="logout()[pri:0, instance:com.crm.genericImplemented.CreateOrgBaseClassTest@18d87d80]" started-at="2022-03-17T11:35:53 IST" name="logout" finished-at="2022-03-17T11:35:53 IST" duration-ms="810" status="PASS">
          <reporter-output>
            <line>
              <![CDATA[========logout successfull====]]>
            </line>
          </reporter-output>
        </test-method> <!-- logout -->
        <test-method is-config="true" signature="login()[pri:0, instance:com.crm.genericImplemented.CreateOrgBaseClassTest@18d87d80]" started-at="2022-03-17T11:35:53 IST" name="login" finished-at="2022-03-17T11:35:55 IST" duration-ms="1321" status="PASS">
          <reporter-output>
            <line>
              <![CDATA[======login successful=====]]>
            </line>
          </reporter-output>
        </test-method> <!-- login -->
        <test-method signature="createSampleTestCase()[pri:0, instance:com.crm.genericImplemented.CreateOrgBaseClassTest@18d87d80]" started-at="2022-03-17T11:35:55 IST" name="createSampleTestCase" finished-at="2022-03-17T11:35:55 IST" duration-ms="1" status="FAIL">
          <exception class="java.lang.AssertionError">
            <message>
              <![CDATA[null]]>
            </message>
            <full-stacktrace>
              <![CDATA[java.lang.AssertionError: null
at org.testng.Assert.fail(Assert.java:99)
at org.testng.Assert.fail(Assert.java:106)
at com.crm.genericImplemented.CreateOrgBaseClassTest.createSampleTestCase(CreateOrgBaseClassTest.java:57)
at java.base/jdk.internal.reflect.NativeMethodAccessorImpl.invoke0(Native Method)
at java.base/jdk.internal.reflect.NativeMethodAccessorImpl.invoke(NativeMethodAccessorImpl.java:77)
at java.base/jdk.internal.reflect.DelegatingMethodAccessorImpl.invoke(DelegatingMethodAccessorImpl.java:43)
at java.base/java.lang.reflect.Method.invoke(Method.java:568)
at org.testng.internal.MethodInvocationHelper.invokeMethod(MethodInvocationHelper.java:133)
at org.testng.internal.TestInvoker.invokeMethod(TestInvoker.java:598)
at org.testng.internal.TestInvoker.invokeTestMethod(TestInvoker.java:173)
at org.testng.internal.MethodRunner.runInSequence(MethodRunner.java:46)
at org.testng.internal.TestInvoker$MethodInvocationAgent.invoke(TestInvoker.java:824)
at org.testng.internal.TestInvoker.invokeTestMethods(TestInvoker.java:146)
at org.testng.internal.TestMethodWorker.invokeTestMethods(TestMethodWorker.java:146)
at org.testng.internal.TestMethodWorker.run(TestMethodWorker.java:128)
at java.base/java.util.ArrayList.forEach(ArrayList.java:1511)
at org.testng.TestRunner.privateRun(TestRunner.java:794)
at org.testng.TestRunner.run(TestRunner.java:596)
at org.testng.SuiteRunner.runTest(SuiteRunner.java:377)
at org.testng.SuiteRunner.runSequentially(SuiteRunner.java:371)
at org.testng.SuiteRunner.privateRun(SuiteRunner.java:332)
at org.testng.SuiteRunner.run(SuiteRunner.java:276)
at org.testng.SuiteRunnerWorker.runSuite(SuiteRunnerWorker.java:53)
at org.testng.SuiteRunnerWorker.run(SuiteRunnerWorker.java:96)
at org.testng.TestNG.runSuitesSequentially(TestNG.java:1212)
at org.testng.TestNG.runSuitesLocally(TestNG.java:1134)
at org.testng.TestNG.runSuites(TestNG.java:1063)
at org.testng.TestNG.run(TestNG.java:1031)
at org.testng.remote.AbstractRemoteTestNG.run(AbstractRemoteTestNG.java:115)
at org.testng.remote.RemoteTestNG.initAndRun(RemoteTestNG.java:251)
at org.testng.remote.RemoteTestNG.main(RemoteTestNG.java:77)
]]>
            </full-stacktrace>
          </exception> <!-- java.lang.AssertionError -->
          <reporter-output>
            <line>
              <![CDATA[createSampleTestCase----testscript failed]]>
            </line>
          </reporter-output>
        </test-method> <!-- createSampleTestCase -->
        <test-method is-config="true" signature="logout()[pri:0, instance:com.crm.genericImplemented.CreateOrgBaseClassTest@18d87d80]" started-at="2022-03-17T11:35:55 IST" name="logout" finished-at="2022-03-17T11:35:57 IST" duration-ms="1673" status="PASS">
          <reporter-output>
            <line>
              <![CDATA[========logout successfull====]]>
            </line>
          </reporter-output>
        </test-method> <!-- logout -->
        <test-method is-config="true" signature="closeBrowser()[pri:0, instance:com.crm.genericImplemented.CreateOrgBaseClassTest@18d87d80]" started-at="2022-03-17T11:35:57 IST" name="closeBrowser" finished-at="2022-03-17T11:35:57 IST" duration-ms="127" status="PASS">
          <reporter-output>
            <line>
              <![CDATA[====browser close successfull====]]>
            </line>
          </reporter-output>
        </test-method> <!-- closeBrowser -->
      </class> <!-- com.crm.genericImplemented.CreateOrgBaseClassTest -->
    </test> <!-- Test -->
  </suite> <!-- Suite -->
</testng-results>
